<?xml version="1.0" encoding="UTF-8"?>
<testsuite xmlns:xsi="http://www.w3.org/2001/XMLSchema-instance" xsi:noNamespaceSchemaLocation="https://maven.apache.org/surefire/maven-surefire-plugin/xsd/surefire-test-report-3.0.xsd" version="3.0" name="org.argentinaprograma.TpIntegradorStropeni.AppTest" time="0" tests="1" errors="0" skipped="0" failures="0">
  <properties>
    <property name="java.specification.version" value="17"/>
    <property name="sun.cpu.isalist" value="amd64"/>
    <property name="sun.jnu.encoding" value="Cp1252"/>
    <property name="java.class.path" value="C:\Users\mercu\eclipse-workspace\Stropeni\target\test-classes;C:\Users\mercu\eclipse-workspace\Stropeni\target\classes;C:\Users\mercu\.m2\repository\org\webjars\npm\concat-stream\2.0.0\concat-stream-2.0.0.jar;C:\Users\mercu\.m2\repository\org\webjars\npm\buffer-from\1.1.2\buffer-from-1.1.2.jar;C:\Users\mercu\.m2\repository\org\webjars\npm\inherits\2.0.4\inherits-2.0.4.jar;C:\Users\mercu\.m2\repository\org\webjars\npm\readable-stream\3.6.2\readable-stream-3.6.2.jar;C:\Users\mercu\.m2\repository\org\webjars\npm\string_decoder\1.3.0\string_decoder-1.3.0.jar;C:\Users\mercu\.m2\repository\org\webjars\npm\safe-buffer\5.2.1\safe-buffer-5.2.1.jar;C:\Users\mercu\.m2\repository\org\webjars\npm\util-deprecate\1.0.2\util-deprecate-1.0.2.jar;C:\Users\mercu\.m2\repository\org\webjars\npm\typedarray\0.0.6\typedarray-0.0.6.jar;C:\Users\mercu\.m2\repository\org\apache\poi\poi\4.1.1\poi-4.1.1.jar;C:\Users\mercu\.m2\repository\commons-codec\commons-codec\1.13\commons-codec-1.13.jar;C:\Users\mercu\.m2\repository\org\apache\commons\commons-collections4\4.4\commons-collections4-4.4.jar;C:\Users\mercu\.m2\repository\org\apache\commons\commons-math3\3.6.1\commons-math3-3.6.1.jar;C:\Users\mercu\.m2\repository\mysql\mysql-connector-java\8.0.28\mysql-connector-java-8.0.28.jar;C:\Users\mercu\.m2\repository\com\google\protobuf\protobuf-java\3.11.4\protobuf-java-3.11.4.jar;C:\Users\mercu\.m2\repository\org\junit\jupiter\junit-jupiter-engine\5.2.0\junit-jupiter-engine-5.2.0.jar;C:\Users\mercu\.m2\repository\org\apiguardian\apiguardian-api\1.0.0\apiguardian-api-1.0.0.jar;C:\Users\mercu\.m2\repository\org\junit\platform\junit-platform-engine\1.2.0\junit-platform-engine-1.2.0.jar;C:\Users\mercu\.m2\repository\org\junit\platform\junit-platform-commons\1.2.0\junit-platform-commons-1.2.0.jar;C:\Users\mercu\.m2\repository\org\opentest4j\opentest4j\1.1.0\opentest4j-1.1.0.jar;C:\Users\mercu\.m2\repository\org\junit\jupiter\junit-jupiter-api\5.2.0\junit-jupiter-api-5.2.0.jar;C:\Users\mercu\.m2\repository\com\github\vlsi\compactmap\compactmap\2.0\compactmap-2.0.jar;C:\Users\mercu\.m2\repository\com\github\andrewoma\dexx\dexx-collections\0.2\dexx-collections-0.2.jar;C:\Users\mercu\.m2\repository\org\fusesource\jdbm\jdbm\2.0.1\jdbm-2.0.1.jar;C:\Users\mercu\.m2\repository\org\junit\platform\junit-platform-runner\1.2.0\junit-platform-runner-1.2.0.jar;C:\Users\mercu\.m2\repository\org\junit\platform\junit-platform-launcher\1.2.0\junit-platform-launcher-1.2.0.jar;C:\Users\mercu\.m2\repository\org\junit\platform\junit-platform-suite-api\1.2.0\junit-platform-suite-api-1.2.0.jar;C:\Users\mercu\.m2\repository\junit\junit\4.12\junit-4.12.jar;C:\Users\mercu\.m2\repository\org\hamcrest\hamcrest-core\1.3\hamcrest-core-1.3.jar;"/>
    <property name="java.vm.vendor" value="Eclipse Adoptium"/>
    <property name="sun.arch.data.model" value="64"/>
    <property name="user.variant" value=""/>
    <property name="java.vendor.url" value="https://adoptium.net/"/>
    <property name="user.timezone" value="America/Buenos_Aires"/>
    <property name="os.name" value="Windows 11"/>
    <property name="java.vm.specification.version" value="17"/>
    <property name="sun.java.launcher" value="SUN_STANDARD"/>
    <property name="user.country" value="AR"/>
    <property name="sun.boot.library.path" value="C:\Users\mercu\.p2\pool\plugins\org.eclipse.justj.openjdk.hotspot.jre.full.win32.x86_64_17.0.6.v20230204-1729\jre\bin"/>
    <property name="sun.java.command" value="C:\Users\mercu\AppData\Local\Temp\surefire10053024641250202827\surefirebooter-20230417141922224_3.jar C:\Users\mercu\AppData\Local\Temp\surefire10053024641250202827 2023-04-17T14-19-21_811-jvmRun1 surefire-20230417141922224_1tmp surefire_0-20230417141922224_2tmp"/>
    <property name="jdk.debug" value="release"/>
    <property name="surefire.test.class.path" value="C:\Users\mercu\eclipse-workspace\Stropeni\target\test-classes;C:\Users\mercu\eclipse-workspace\Stropeni\target\classes;C:\Users\mercu\.m2\repository\org\webjars\npm\concat-stream\2.0.0\concat-stream-2.0.0.jar;C:\Users\mercu\.m2\repository\org\webjars\npm\buffer-from\1.1.2\buffer-from-1.1.2.jar;C:\Users\mercu\.m2\repository\org\webjars\npm\inherits\2.0.4\inherits-2.0.4.jar;C:\Users\mercu\.m2\repository\org\webjars\npm\readable-stream\3.6.2\readable-stream-3.6.2.jar;C:\Users\mercu\.m2\repository\org\webjars\npm\string_decoder\1.3.0\string_decoder-1.3.0.jar;C:\Users\mercu\.m2\repository\org\webjars\npm\safe-buffer\5.2.1\safe-buffer-5.2.1.jar;C:\Users\mercu\.m2\repository\org\webjars\npm\util-deprecate\1.0.2\util-deprecate-1.0.2.jar;C:\Users\mercu\.m2\repository\org\webjars\npm\typedarray\0.0.6\typedarray-0.0.6.jar;C:\Users\mercu\.m2\repository\org\apache\poi\poi\4.1.1\poi-4.1.1.jar;C:\Users\mercu\.m2\repository\commons-codec\commons-codec\1.13\commons-codec-1.13.jar;C:\Users\mercu\.m2\repository\org\apache\commons\commons-collections4\4.4\commons-collections4-4.4.jar;C:\Users\mercu\.m2\repository\org\apache\commons\commons-math3\3.6.1\commons-math3-3.6.1.jar;C:\Users\mercu\.m2\repository\mysql\mysql-connector-java\8.0.28\mysql-connector-java-8.0.28.jar;C:\Users\mercu\.m2\repository\com\google\protobuf\protobuf-java\3.11.4\protobuf-java-3.11.4.jar;C:\Users\mercu\.m2\repository\org\junit\jupiter\junit-jupiter-engine\5.2.0\junit-jupiter-engine-5.2.0.jar;C:\Users\mercu\.m2\repository\org\apiguardian\apiguardian-api\1.0.0\apiguardian-api-1.0.0.jar;C:\Users\mercu\.m2\repository\org\junit\platform\junit-platform-engine\1.2.0\junit-platform-engine-1.2.0.jar;C:\Users\mercu\.m2\repository\org\junit\platform\junit-platform-commons\1.2.0\junit-platform-commons-1.2.0.jar;C:\Users\mercu\.m2\repository\org\opentest4j\opentest4j\1.1.0\opentest4j-1.1.0.jar;C:\Users\mercu\.m2\repository\org\junit\jupiter\junit-jupiter-api\5.2.0\junit-jupiter-api-5.2.0.jar;C:\Users\mercu\.m2\repository\com\github\vlsi\compactmap\compactmap\2.0\compactmap-2.0.jar;C:\Users\mercu\.m2\repository\com\github\andrewoma\dexx\dexx-collections\0.2\dexx-collections-0.2.jar;C:\Users\mercu\.m2\repository\org\fusesource\jdbm\jdbm\2.0.1\jdbm-2.0.1.jar;C:\Users\mercu\.m2\repository\org\junit\platform\junit-platform-runner\1.2.0\junit-platform-runner-1.2.0.jar;C:\Users\mercu\.m2\repository\org\junit\platform\junit-platform-launcher\1.2.0\junit-platform-launcher-1.2.0.jar;C:\Users\mercu\.m2\repository\org\junit\platform\junit-platform-suite-api\1.2.0\junit-platform-suite-api-1.2.0.jar;C:\Users\mercu\.m2\repository\junit\junit\4.12\junit-4.12.jar;C:\Users\mercu\.m2\repository\org\hamcrest\hamcrest-core\1.3\hamcrest-core-1.3.jar;"/>
    <property name="sun.cpu.endian" value="little"/>
    <property name="user.home" value="C:\Users\mercu"/>
    <property name="user.language" value="es"/>
    <property name="java.specification.vendor" value="Oracle Corporation"/>
    <property name="java.version.date" value="2023-01-17"/>
    <property name="java.home" value="C:\Users\mercu\.p2\pool\plugins\org.eclipse.justj.openjdk.hotspot.jre.full.win32.x86_64_17.0.6.v20230204-1729\jre"/>
    <property name="file.separator" value="\"/>
    <property name="basedir" value="C:\Users\mercu\eclipse-workspace\Stropeni"/>
    <property name="java.vm.compressedOopsMode" value="Zero based"/>
    <property name="line.separator" value="&#10;"/>
    <property name="java.vm.specification.vendor" value="Oracle Corporation"/>
    <property name="java.specification.name" value="Java Platform API Specification"/>
    <property name="surefire.real.class.path" value="C:\Users\mercu\AppData\Local\Temp\surefire10053024641250202827\surefirebooter-20230417141922224_3.jar"/>
    <property name="user.script" value=""/>
    <property name="sun.management.compiler" value="HotSpot 64-Bit Tiered Compilers"/>
    <property name="java.runtime.version" value="17.0.6+10"/>
    <property name="user.name" value="Windows 11 64bit"/>
    <property name="path.separator" value=";"/>
    <property name="os.version" value="10.0"/>
    <property name="java.runtime.name" value="OpenJDK Runtime Environment"/>
    <property name="file.encoding" value="Cp1252"/>
    <property name="java.vm.name" value="OpenJDK 64-Bit Server VM"/>
    <property name="java.vendor.version" value="Temurin-17.0.6+10"/>
    <property name="localRepository" value="C:\Users\mercu\.m2\repository"/>
    <property name="java.vendor.url.bug" value="https://github.com/adoptium/adoptium-support/issues"/>
    <property name="java.io.tmpdir" value="C:\Users\mercu\AppData\Local\Temp\"/>
    <property name="java.version" value="17.0.6"/>
    <property name="user.dir" value="C:\Users\mercu\eclipse-workspace\Stropeni"/>
    <property name="os.arch" value="amd64"/>
    <property name="java.vm.specification.name" value="Java Virtual Machine Specification"/>
    <property name="sun.os.patch.level" value=""/>
    <property name="native.encoding" value="Cp1252"/>
    <property name="java.library.path" value="C:\Users\mercu\.p2\pool\plugins\org.eclipse.justj.openjdk.hotspot.jre.full.win32.x86_64_17.0.6.v20230204-1729\jre\bin;C:\WINDOWS\Sun\Java\bin;C:\WINDOWS\system32;C:\WINDOWS;C:/Users/mercu/.p2/pool/plugins/org.eclipse.justj.openjdk.hotspot.jre.full.win32.x86_64_17.0.6.v20230204-1729/jre/bin/server;C:/Users/mercu/.p2/pool/plugins/org.eclipse.justj.openjdk.hotspot.jre.full.win32.x86_64_17.0.6.v20230204-1729/jre/bin;C:\Program Files (x86)\Common Files\Oracle\Java\javapath;C:\WINDOWS\system32;C:\WINDOWS;C:\WINDOWS\System32\Wbem;C:\WINDOWS\System32\WindowsPowerShell\v1.0\;C:\WINDOWS\System32\OpenSSH\;C:\Program Files\dotnet\;C:\Program Files\Microsoft SQL Server\Client SDK\ODBC\130\Tools\Binn\;C:\Program Files (x86)\Microsoft SQL Server\140\Tools\Binn\;C:\Program Files\Microsoft SQL Server\140\Tools\Binn\;C:\Program Files\Microsoft SQL Server\140\DTS\Binn\;C:\Program Files\Maven\apache-maven-3.9.0\bin;C:\Program Files\MySQL\MySQL Shell 8.0\bin\;C:\Users\mercu\AppData\Local\Microsoft\WindowsApps;C:\Users\mercu\.dotnet\tools;C:\Users\mercu\AppData\Local\GitHubDesktop\bin;C:\Users\mercu\AppData\Local\Programs\Microsoft VS Code\bin;C:\Program Files\Maven\apache-maven-3.9.0\bin;;C:\Users\mercu\Desktop;;."/>
    <property name="java.vm.info" value="mixed mode"/>
    <property name="java.vendor" value="Eclipse Adoptium"/>
    <property name="java.vm.version" value="17.0.6+10"/>
    <property name="sun.io.unicode.encoding" value="UnicodeLittle"/>
    <property name="java.class.version" value="61.0"/>
  </properties>
  <testcase name="testApp" classname="org.argentinaprograma.TpIntegradorStropeni.AppTest" time="0"/>
</testsuite>